I, [2014-03-07T17:57:08.227453 #5295]  INFO -- : Started GET "/" for 127.0.0.1 at 2014-03-07 17:57:08 -0500
F, [2014-03-07T17:57:08.230547 #5295] FATAL -- : 
ActionController::RoutingError (No route matches [GET] "/"):
  actionpack (4.0.3) lib/action_dispatch/middleware/debug_exceptions.rb:21:in `call'
  actionpack (4.0.3) lib/action_dispatch/middleware/show_exceptions.rb:30:in `call'
  railties (4.0.3) lib/rails/rack/logger.rb:38:in `call_app'
  railties (4.0.3) lib/rails/rack/logger.rb:20:in `block in call'
  activesupport (4.0.3) lib/active_support/tagged_logging.rb:67:in `block in tagged'
  activesupport (4.0.3) lib/active_support/tagged_logging.rb:25:in `tagged'
  activesupport (4.0.3) lib/active_support/tagged_logging.rb:67:in `tagged'
  railties (4.0.3) lib/rails/rack/logger.rb:20:in `call'
  actionpack (4.0.3) lib/action_dispatch/middleware/request_id.rb:21:in `call'
  rack (1.5.2) lib/rack/methodoverride.rb:21:in `call'
  rack (1.5.2) lib/rack/runtime.rb:17:in `call'
  activesupport (4.0.3) lib/active_support/cache/strategy/local_cache.rb:83:in `call'
  rack (1.5.2) lib/rack/sendfile.rb:112:in `call'
  railties (4.0.3) lib/rails/engine.rb:511:in `call'
  railties (4.0.3) lib/rails/application.rb:97:in `call'
  passenger (4.0.37) lib/phusion_passenger/rack/thread_handler_extension.rb:77:in `process_request'
  passenger (4.0.37) lib/phusion_passenger/request_handler/thread_handler.rb:142:in `accept_and_process_next_request'
  passenger (4.0.37) lib/phusion_passenger/request_handler/thread_handler.rb:110:in `main_loop'
  passenger (4.0.37) lib/phusion_passenger/request_handler.rb:448:in `block (3 levels) in start_threads'


I, [2014-03-07T17:57:15.403857 #5295]  INFO -- : Started GET "/" for 127.0.0.1 at 2014-03-07 17:57:15 -0500
F, [2014-03-07T17:57:15.405695 #5295] FATAL -- : 
ActionController::RoutingError (No route matches [GET] "/"):
  actionpack (4.0.3) lib/action_dispatch/middleware/debug_exceptions.rb:21:in `call'
  actionpack (4.0.3) lib/action_dispatch/middleware/show_exceptions.rb:30:in `call'
  railties (4.0.3) lib/rails/rack/logger.rb:38:in `call_app'
  railties (4.0.3) lib/rails/rack/logger.rb:20:in `block in call'
  activesupport (4.0.3) lib/active_support/tagged_logging.rb:67:in `block in tagged'
  activesupport (4.0.3) lib/active_support/tagged_logging.rb:25:in `tagged'
  activesupport (4.0.3) lib/active_support/tagged_logging.rb:67:in `tagged'
  railties (4.0.3) lib/rails/rack/logger.rb:20:in `call'
  actionpack (4.0.3) lib/action_dispatch/middleware/request_id.rb:21:in `call'
  rack (1.5.2) lib/rack/methodoverride.rb:21:in `call'
  rack (1.5.2) lib/rack/runtime.rb:17:in `call'
  activesupport (4.0.3) lib/active_support/cache/strategy/local_cache.rb:83:in `call'
  rack (1.5.2) lib/rack/sendfile.rb:112:in `call'
  railties (4.0.3) lib/rails/engine.rb:511:in `call'
  railties (4.0.3) lib/rails/application.rb:97:in `call'
  passenger (4.0.37) lib/phusion_passenger/rack/thread_handler_extension.rb:77:in `process_request'
  passenger (4.0.37) lib/phusion_passenger/request_handler/thread_handler.rb:142:in `accept_and_process_next_request'
  passenger (4.0.37) lib/phusion_passenger/request_handler/thread_handler.rb:110:in `main_loop'
  passenger (4.0.37) lib/phusion_passenger/request_handler.rb:448:in `block (3 levels) in start_threads'


I, [2014-03-07T17:57:33.561976 #5295]  INFO -- : Started GET "/" for 127.0.0.1 at 2014-03-07 17:57:33 -0500
F, [2014-03-07T17:57:33.563177 #5295] FATAL -- : 
ActionController::RoutingError (No route matches [GET] "/"):
  actionpack (4.0.3) lib/action_dispatch/middleware/debug_exceptions.rb:21:in `call'
  actionpack (4.0.3) lib/action_dispatch/middleware/show_exceptions.rb:30:in `call'
  railties (4.0.3) lib/rails/rack/logger.rb:38:in `call_app'
  railties (4.0.3) lib/rails/rack/logger.rb:20:in `block in call'
  activesupport (4.0.3) lib/active_support/tagged_logging.rb:67:in `block in tagged'
  activesupport (4.0.3) lib/active_support/tagged_logging.rb:25:in `tagged'
  activesupport (4.0.3) lib/active_support/tagged_logging.rb:67:in `tagged'
  railties (4.0.3) lib/rails/rack/logger.rb:20:in `call'
  actionpack (4.0.3) lib/action_dispatch/middleware/request_id.rb:21:in `call'
  rack (1.5.2) lib/rack/methodoverride.rb:21:in `call'
  rack (1.5.2) lib/rack/runtime.rb:17:in `call'
  activesupport (4.0.3) lib/active_support/cache/strategy/local_cache.rb:83:in `call'
  rack (1.5.2) lib/rack/sendfile.rb:112:in `call'
  railties (4.0.3) lib/rails/engine.rb:511:in `call'
  railties (4.0.3) lib/rails/application.rb:97:in `call'
  passenger (4.0.37) lib/phusion_passenger/rack/thread_handler_extension.rb:77:in `process_request'
  passenger (4.0.37) lib/phusion_passenger/request_handler/thread_handler.rb:142:in `accept_and_process_next_request'
  passenger (4.0.37) lib/phusion_passenger/request_handler/thread_handler.rb:110:in `main_loop'
  passenger (4.0.37) lib/phusion_passenger/request_handler.rb:448:in `block (3 levels) in start_threads'


I, [2014-03-07T17:57:52.366219 #5471]  INFO -- : Started GET "/" for 127.0.0.1 at 2014-03-07 17:57:52 -0500
F, [2014-03-07T17:57:52.371959 #5471] FATAL -- : 
ActionController::RoutingError (No route matches [GET] "/"):
  actionpack (4.0.3) lib/action_dispatch/middleware/debug_exceptions.rb:21:in `call'
  actionpack (4.0.3) lib/action_dispatch/middleware/show_exceptions.rb:30:in `call'
  railties (4.0.3) lib/rails/rack/logger.rb:38:in `call_app'
  railties (4.0.3) lib/rails/rack/logger.rb:20:in `block in call'
  activesupport (4.0.3) lib/active_support/tagged_logging.rb:67:in `block in tagged'
  activesupport (4.0.3) lib/active_support/tagged_logging.rb:25:in `tagged'
  activesupport (4.0.3) lib/active_support/tagged_logging.rb:67:in `tagged'
  railties (4.0.3) lib/rails/rack/logger.rb:20:in `call'
  actionpack (4.0.3) lib/action_dispatch/middleware/request_id.rb:21:in `call'
  rack (1.5.2) lib/rack/methodoverride.rb:21:in `call'
  rack (1.5.2) lib/rack/runtime.rb:17:in `call'
  activesupport (4.0.3) lib/active_support/cache/strategy/local_cache.rb:83:in `call'
  rack (1.5.2) lib/rack/sendfile.rb:112:in `call'
  railties (4.0.3) lib/rails/engine.rb:511:in `call'
  railties (4.0.3) lib/rails/application.rb:97:in `call'
  passenger (4.0.37) lib/phusion_passenger/rack/thread_handler_extension.rb:77:in `process_request'
  passenger (4.0.37) lib/phusion_passenger/request_handler/thread_handler.rb:142:in `accept_and_process_next_request'
  passenger (4.0.37) lib/phusion_passenger/request_handler/thread_handler.rb:110:in `main_loop'
  passenger (4.0.37) lib/phusion_passenger/request_handler.rb:448:in `block (3 levels) in start_threads'


I, [2014-03-07T17:58:06.189727 #5471]  INFO -- : Started GET "/" for 127.0.0.1 at 2014-03-07 17:58:06 -0500
F, [2014-03-07T17:58:06.190569 #5471] FATAL -- : 
ActionController::RoutingError (No route matches [GET] "/"):
  actionpack (4.0.3) lib/action_dispatch/middleware/debug_exceptions.rb:21:in `call'
  actionpack (4.0.3) lib/action_dispatch/middleware/show_exceptions.rb:30:in `call'
  railties (4.0.3) lib/rails/rack/logger.rb:38:in `call_app'
  railties (4.0.3) lib/rails/rack/logger.rb:20:in `block in call'
  activesupport (4.0.3) lib/active_support/tagged_logging.rb:67:in `block in tagged'
  activesupport (4.0.3) lib/active_support/tagged_logging.rb:25:in `tagged'
  activesupport (4.0.3) lib/active_support/tagged_logging.rb:67:in `tagged'
  railties (4.0.3) lib/rails/rack/logger.rb:20:in `call'
  actionpack (4.0.3) lib/action_dispatch/middleware/request_id.rb:21:in `call'
  rack (1.5.2) lib/rack/methodoverride.rb:21:in `call'
  rack (1.5.2) lib/rack/runtime.rb:17:in `call'
  activesupport (4.0.3) lib/active_support/cache/strategy/local_cache.rb:83:in `call'
  rack (1.5.2) lib/rack/sendfile.rb:112:in `call'
  railties (4.0.3) lib/rails/engine.rb:511:in `call'
  railties (4.0.3) lib/rails/application.rb:97:in `call'
  passenger (4.0.37) lib/phusion_passenger/rack/thread_handler_extension.rb:77:in `process_request'
  passenger (4.0.37) lib/phusion_passenger/request_handler/thread_handler.rb:142:in `accept_and_process_next_request'
  passenger (4.0.37) lib/phusion_passenger/request_handler/thread_handler.rb:110:in `main_loop'
  passenger (4.0.37) lib/phusion_passenger/request_handler.rb:448:in `block (3 levels) in start_threads'


I, [2014-03-07T17:59:17.135489 #5471]  INFO -- : Started GET "/" for 127.0.0.1 at 2014-03-07 17:59:17 -0500
F, [2014-03-07T17:59:17.137293 #5471] FATAL -- : 
ActionController::RoutingError (No route matches [GET] "/"):
  actionpack (4.0.3) lib/action_dispatch/middleware/debug_exceptions.rb:21:in `call'
  actionpack (4.0.3) lib/action_dispatch/middleware/show_exceptions.rb:30:in `call'
  railties (4.0.3) lib/rails/rack/logger.rb:38:in `call_app'
  railties (4.0.3) lib/rails/rack/logger.rb:20:in `block in call'
  activesupport (4.0.3) lib/active_support/tagged_logging.rb:67:in `block in tagged'
  activesupport (4.0.3) lib/active_support/tagged_logging.rb:25:in `tagged'
  activesupport (4.0.3) lib/active_support/tagged_logging.rb:67:in `tagged'
  railties (4.0.3) lib/rails/rack/logger.rb:20:in `call'
  actionpack (4.0.3) lib/action_dispatch/middleware/request_id.rb:21:in `call'
  rack (1.5.2) lib/rack/methodoverride.rb:21:in `call'
  rack (1.5.2) lib/rack/runtime.rb:17:in `call'
  activesupport (4.0.3) lib/active_support/cache/strategy/local_cache.rb:83:in `call'
  rack (1.5.2) lib/rack/sendfile.rb:112:in `call'
  railties (4.0.3) lib/rails/engine.rb:511:in `call'
  railties (4.0.3) lib/rails/application.rb:97:in `call'
  passenger (4.0.37) lib/phusion_passenger/rack/thread_handler_extension.rb:77:in `process_request'
  passenger (4.0.37) lib/phusion_passenger/request_handler/thread_handler.rb:142:in `accept_and_process_next_request'
  passenger (4.0.37) lib/phusion_passenger/request_handler/thread_handler.rb:110:in `main_loop'
  passenger (4.0.37) lib/phusion_passenger/request_handler.rb:448:in `block (3 levels) in start_threads'


I, [2014-03-07T18:01:18.718289 #6289]  INFO -- : Started GET "/" for 127.0.0.1 at 2014-03-07 18:01:18 -0500
F, [2014-03-07T18:01:18.723343 #6289] FATAL -- : 
ActionController::RoutingError (No route matches [GET] "/"):
  actionpack (4.0.3) lib/action_dispatch/middleware/debug_exceptions.rb:21:in `call'
  actionpack (4.0.3) lib/action_dispatch/middleware/show_exceptions.rb:30:in `call'
  railties (4.0.3) lib/rails/rack/logger.rb:38:in `call_app'
  railties (4.0.3) lib/rails/rack/logger.rb:20:in `block in call'
  activesupport (4.0.3) lib/active_support/tagged_logging.rb:67:in `block in tagged'
  activesupport (4.0.3) lib/active_support/tagged_logging.rb:25:in `tagged'
  activesupport (4.0.3) lib/active_support/tagged_logging.rb:67:in `tagged'
  railties (4.0.3) lib/rails/rack/logger.rb:20:in `call'
  actionpack (4.0.3) lib/action_dispatch/middleware/request_id.rb:21:in `call'
  rack (1.5.2) lib/rack/methodoverride.rb:21:in `call'
  rack (1.5.2) lib/rack/runtime.rb:17:in `call'
  activesupport (4.0.3) lib/active_support/cache/strategy/local_cache.rb:83:in `call'
  rack (1.5.2) lib/rack/sendfile.rb:112:in `call'
  railties (4.0.3) lib/rails/engine.rb:511:in `call'
  railties (4.0.3) lib/rails/application.rb:97:in `call'
  passenger (4.0.37) lib/phusion_passenger/rack/thread_handler_extension.rb:77:in `process_request'
  passenger (4.0.37) lib/phusion_passenger/request_handler/thread_handler.rb:142:in `accept_and_process_next_request'
  passenger (4.0.37) lib/phusion_passenger/request_handler/thread_handler.rb:110:in `main_loop'
  passenger (4.0.37) lib/phusion_passenger/request_handler.rb:448:in `block (3 levels) in start_threads'


I, [2014-03-07T18:02:09.823708 #6502]  INFO -- : Started GET "/" for 127.0.0.1 at 2014-03-07 18:02:09 -0500
F, [2014-03-07T18:02:09.828219 #6502] FATAL -- : 
ActionController::RoutingError (No route matches [GET] "/"):
  actionpack (4.0.3) lib/action_dispatch/middleware/debug_exceptions.rb:21:in `call'
  actionpack (4.0.3) lib/action_dispatch/middleware/show_exceptions.rb:30:in `call'
  railties (4.0.3) lib/rails/rack/logger.rb:38:in `call_app'
  railties (4.0.3) lib/rails/rack/logger.rb:20:in `block in call'
  activesupport (4.0.3) lib/active_support/tagged_logging.rb:67:in `block in tagged'
  activesupport (4.0.3) lib/active_support/tagged_logging.rb:25:in `tagged'
  activesupport (4.0.3) lib/active_support/tagged_logging.rb:67:in `tagged'
  railties (4.0.3) lib/rails/rack/logger.rb:20:in `call'
  actionpack (4.0.3) lib/action_dispatch/middleware/request_id.rb:21:in `call'
  rack (1.5.2) lib/rack/methodoverride.rb:21:in `call'
  rack (1.5.2) lib/rack/runtime.rb:17:in `call'
  activesupport (4.0.3) lib/active_support/cache/strategy/local_cache.rb:83:in `call'
  rack (1.5.2) lib/rack/sendfile.rb:112:in `call'
  railties (4.0.3) lib/rails/engine.rb:511:in `call'
  railties (4.0.3) lib/rails/application.rb:97:in `call'
  passenger (4.0.37) lib/phusion_passenger/rack/thread_handler_extension.rb:77:in `process_request'
  passenger (4.0.37) lib/phusion_passenger/request_handler/thread_handler.rb:142:in `accept_and_process_next_request'
  passenger (4.0.37) lib/phusion_passenger/request_handler/thread_handler.rb:110:in `main_loop'
  passenger (4.0.37) lib/phusion_passenger/request_handler.rb:448:in `block (3 levels) in start_threads'


